<?xml version="1.0" encoding="UTF-8" ?><root><item type="dict"><name type="str">test dcnm module</name><hosts type="str">localhost</hosts><vars type="dict"><api_info type="dict"><baseurl type="str">https://10.1.53.220/rest</baseurl><username type="str">admin</username><password type="str">C1sc0123</password><verify type="bool">False</verify></api_info></vars><tasks type="list"><item type="dict"><name type="str">dcnm_facts</name><dcnm_facts type="dict"><baseurl type="str">https://10.1.53.220/rest</baseurl><username type="str">admin</username><password type="str">C1sc0123</password><verify type="bool">False</verify></dcnm_facts></item><item type="dict"><name type="str">output fabrics</name><debug type="dict"><msg type="str">Fabric name: {{ item.fabricName }}</msg></debug><loop type="str">{{ ansible_facts.dcnm_fabrics }}</loop></item><item type="dict"><name type="str">create/update VRF</name><dcnm_vrf type="dict"><baseurl type="str">https://10.1.53.220/rest</baseurl><username type="str">admin</username><password type="str">C1sc0123</password><verify type="bool">False</verify><fabric_name type="str">Demo1</fabric_name><vrf_name type="str">MyVRF_50002</vrf_name><vrf_template_config type="dict"><nveId type="str">1</nveId><vrfVlanId type="str">3</vrfVlanId><asn type="str">65001</asn><vrfName type="str">MyVRF_50002</vrfName><vrfSegmentId type="str">50002</vrfSegmentId></vrf_template_config><vrf_id type="int">50002</vrf_id><state type="str">present</state></dcnm_vrf></item></tasks></item></root>